This is pdfTeX, Version 3.14159265-2.6-1.40.17 (TeX Live 2016/Debian) (preloaded format=pdflatex 2016.8.18)  25 AUG 2016 17:55
entering extended mode
 restricted \write18 enabled.
 %&-line parsing enabled.
**freelssmainwindow.cpp
(./freelssmainwindow.cpp
LaTeX2e <2016/03/31> patch level 3
Babel <3.9r> and hyphenation patterns for 5 language(s) loaded.
! You can't use `macro parameter character #' in vertical mode.
l.1 #
     include "Utils.h"
? x
 
Here is how much of TeX's memory you used:
 6 strings out of 494916
 178 string characters out of 6179763
 45892 words of memory out of 5000000
 3409 multiletter control sequences out of 15000+600000
 3640 words of font info for 14 fonts, out of 8000000 for 9000
 14 hyphenation exceptions out of 8191
 5i,0n,1p,44b,8s stack positions out of 5000i,500n,10000p,200000b,80000s
No pages of output.
PDF statistics:
 0 PDF objects out of 1000 (max. 8388607)
 0 named destinations out of 1000 (max. 500000)
 1 words of extra memory for PDF output out of 10000 (max. 10000000)

